<?xml version="1.0" encoding="UTF-8"?>
<testsuite xmlns:xsi="http://www.w3.org/2001/XMLSchema-instance" xsi:noNamespaceSchemaLocation="https://maven.apache.org/surefire/maven-surefire-plugin/xsd/surefire-test-report-3.0.xsd" version="3.0" name="game.integration.MachineStressAndReliabilityTest" time="14.269" tests="3" errors="0" skipped="0" failures="0">
  <properties>
[...]
</properties>
  <testcase name="stressTestRapidMachineRegistrationDeregistration" classname="game.integration.MachineStressAndReliabilityTest" time="0.346">
    <system-out><![CDATA[[GameSupervisor] Alle Threads gestartet. Maschinen: 0 Belts: 0 Robots: 0
[GameSupervisor] Maschine abgemeldet: Miner
[GameSupervisor] Maschine abgemeldet: Miner
[GameSupervisor] Maschine abgemeldet: Miner
[GameSupervisor] Maschine abgemeldet: Miner
[GameSupervisor] Maschine abgemeldet: Miner
[GameSupervisor] Maschine abgemeldet: Miner
[GameSupervisor] Maschine abgemeldet: Miner
[GameSupervisor] Maschine abgemeldet: Miner
[GameSupervisor] Maschine abgemeldet: Miner
[GameSupervisor] Maschine abgemeldet: Miner
[GameSupervisor] Maschine abgemeldet: Miner
[GameSupervisor] Maschine abgemeldet: Miner
[GameSupervisor] Maschine abgemeldet: Miner
[GameSupervisor] Maschine abgemeldet: Miner
[GameSupervisor] Maschine abgemeldet: Miner
[GameSupervisor] Maschine abgemeldet: Miner
[GameSupervisor] Maschine abgemeldet: Miner
[GameSupervisor] Maschine abgemeldet: Miner
[GameSupervisor] Maschine abgemeldet: Miner
[GameSupervisor] Maschine abgemeldet: Miner
[GameSupervisor] Maschine abgemeldet: Miner
[GameSupervisor] Maschine abgemeldet: Miner
[GameSupervisor] Maschine abgemeldet: Miner
[GameSupervisor] Maschine abgemeldet: Miner
[GameSupervisor] Maschine abgemeldet: Miner
[GameSupervisor] Maschine abgemeldet: Miner
[GameSupervisor] Maschine abgemeldet: Miner
[GameSupervisor] Maschine abgemeldet: Miner
[GameSupervisor] Maschine abgemeldet: Miner
[GameSupervisor] Maschine abgemeldet: Miner
[GameSupervisor] Maschine abgemeldet: Miner
[GameSupervisor] Maschine abgemeldet: Miner
[GameSupervisor] Maschine abgemeldet: Miner
[GameSupervisor] Maschine abgemeldet: Miner
[GameSupervisor] Maschine abgemeldet: Miner
[GameSupervisor] Maschine abgemeldet: Miner
[GameSupervisor] Maschine abgemeldet: Miner
[GameSupervisor] Maschine abgemeldet: Miner
[GameSupervisor] Maschine abgemeldet: Miner
[GameSupervisor] Maschine abgemeldet: Miner
[GameSupervisor] Maschine abgemeldet: Miner
[GameSupervisor] Maschine abgemeldet: Miner
[GameSupervisor] Maschine abgemeldet: Miner
[GameSupervisor] Maschine abgemeldet: Miner
[GameSupervisor] Maschine abgemeldet: Miner
[GameSupervisor] Maschine abgemeldet: Miner
[GameSupervisor] Maschine abgemeldet: Miner
[GameSupervisor] Maschine abgemeldet: Miner
[GameSupervisor] Maschine abgemeldet: Miner
[GameSupervisor] Maschine abgemeldet: Miner
[GameSupervisor] Maschine abgemeldet: Miner
[GameSupervisor] Maschine abgemeldet: Miner
[GameSupervisor] Maschine abgemeldet: Miner
[GameSupervisor] Maschine abgemeldet: Miner
[GameSupervisor] Maschine abgemeldet: Miner
[GameSupervisor] Maschine abgemeldet: Miner
[GameSupervisor] Maschine abgemeldet: Miner
[GameSupervisor] Maschine abgemeldet: Miner
[GameSupervisor] Maschine abgemeldet: Miner
[GameSupervisor] Maschine abgemeldet: Miner
[GameSupervisor] Maschine abgemeldet: Miner
[GameSupervisor] Maschine abgemeldet: Miner
[GameSupervisor] Maschine abgemeldet: Miner
[GameSupervisor] Maschine abgemeldet: Miner
[GameSupervisor] Maschine abgemeldet: Miner
[GameSupervisor] Maschine abgemeldet: Miner
[GameSupervisor] Maschine abgemeldet: Miner
[GameSupervisor] Maschine abgemeldet: Miner
[GameSupervisor] Maschine abgemeldet: Miner
[GameSupervisor] Maschine abgemeldet: Miner
[GameSupervisor] Maschine abgemeldet: Miner
[GameSupervisor] Maschine abgemeldet: Miner
[GameSupervisor] Maschine abgemeldet: Miner
[GameSupervisor] Maschine abgemeldet: Miner
[GameSupervisor] Maschine abgemeldet: Miner
[GameSupervisor] Maschine abgemeldet: Miner
[GameSupervisor] Maschine abgemeldet: Miner
[GameSupervisor] Maschine abgemeldet: Miner
[GameSupervisor] Maschine abgemeldet: Miner
[GameSupervisor] Maschine abgemeldet: Miner
[GameSupervisor] Alle Threads gestoppt.
]]></system-out>
  </testcase>
  <testcase name="reliabilityMetricsSSRAndMTBFBaseline" classname="game.integration.MachineStressAndReliabilityTest" time="12.472">
    <system-out><![CDATA[[GameSupervisor] Alle Threads gestartet. Maschinen: 6 Belts: 0 Robots: 0
[GameSupervisor] Belt registriert bei (10,10) RIGHT
[GameSupervisor] Belt abgemeldet bei (10,10)
[GameSupervisor] Belt registriert bei (11,10) RIGHT
[GameSupervisor] Belt abgemeldet bei (11,10)
[GameSupervisor] Belt registriert bei (12,11) RIGHT
[GameSupervisor] Belt abgemeldet bei (12,11)
[GameSupervisor] Belt registriert bei (13,11) RIGHT
[GameSupervisor] Belt abgemeldet bei (13,11)
[GameSupervisor] Belt registriert bei (10,10) RIGHT
[GameSupervisor] Belt abgemeldet bei (10,10)
[GameSupervisor] Belt registriert bei (11,10) RIGHT
[GameSupervisor] Belt abgemeldet bei (11,10)
[GameSupervisor] Belt registriert bei (12,11) RIGHT
[GameSupervisor] Belt abgemeldet bei (12,11)
[GameSupervisor] Belt registriert bei (13,11) RIGHT
[GameSupervisor] Belt abgemeldet bei (13,11)
[GameSupervisor] Belt registriert bei (10,10) RIGHT
[GameSupervisor] Belt abgemeldet bei (10,10)
[GameSupervisor] Belt registriert bei (11,10) RIGHT
[GameSupervisor] Belt abgemeldet bei (11,10)
[GameSupervisor] Belt registriert bei (12,11) RIGHT
[GameSupervisor] Belt abgemeldet bei (12,11)
[GameSupervisor] Belt registriert bei (13,11) RIGHT
[GameSupervisor] Belt abgemeldet bei (13,11)
[GameSupervisor] Belt registriert bei (10,10) RIGHT
[GameSupervisor] Belt abgemeldet bei (10,10)
[GameSupervisor] Belt registriert bei (11,10) RIGHT
[GameSupervisor] Belt abgemeldet bei (11,10)
[GameSupervisor] Belt registriert bei (12,11) RIGHT
[GameSupervisor] Belt abgemeldet bei (12,11)
[GameSupervisor] Belt registriert bei (13,11) RIGHT
[GameSupervisor] Belt abgemeldet bei (13,11)
[GameSupervisor] Belt registriert bei (10,10) RIGHT
[GameSupervisor] Belt abgemeldet bei (10,10)
[GameSupervisor] Belt registriert bei (11,10) RIGHT
[GameSupervisor] Belt abgemeldet bei (11,10)
[GameSupervisor] Belt registriert bei (12,11) RIGHT
[GameSupervisor] Belt abgemeldet bei (12,11)
[GameSupervisor] Belt registriert bei (13,11) RIGHT
[GameSupervisor] Belt abgemeldet bei (13,11)
[GameSupervisor] Alle Threads gestoppt.
[GameSupervisor] Alle Threads gestartet. Maschinen: 6 Belts: 0 Robots: 0
[GameSupervisor] Belt registriert bei (10,10) RIGHT
[GameSupervisor] Belt abgemeldet bei (10,10)
[GameSupervisor] Belt registriert bei (11,10) RIGHT
[GameSupervisor] Belt abgemeldet bei (11,10)
[GameSupervisor] Belt registriert bei (12,11) RIGHT
[GameSupervisor] Belt abgemeldet bei (12,11)
[GameSupervisor] Belt registriert bei (13,11) RIGHT
[GameSupervisor] Belt abgemeldet bei (13,11)
[GameSupervisor] Belt registriert bei (10,10) RIGHT
[GameSupervisor] Belt abgemeldet bei (10,10)
[GameSupervisor] Belt registriert bei (11,10) RIGHT
[GameSupervisor] Belt abgemeldet bei (11,10)
[GameSupervisor] Belt registriert bei (12,11) RIGHT
[GameSupervisor] Belt abgemeldet bei (12,11)
[GameSupervisor] Belt registriert bei (13,11) RIGHT
[GameSupervisor] Belt abgemeldet bei (13,11)
[GameSupervisor] Belt registriert bei (10,10) RIGHT
[GameSupervisor] Belt abgemeldet bei (10,10)
[GameSupervisor] Belt registriert bei (11,10) RIGHT
[GameSupervisor] Belt abgemeldet bei (11,10)
[GameSupervisor] Belt registriert bei (12,11) RIGHT
[GameSupervisor] Belt abgemeldet bei (12,11)
[GameSupervisor] Belt registriert bei (13,11) RIGHT
[GameSupervisor] Belt abgemeldet bei (13,11)
[GameSupervisor] Belt registriert bei (10,10) RIGHT
[GameSupervisor] Belt abgemeldet bei (10,10)
[GameSupervisor] Belt registriert bei (11,10) RIGHT
[GameSupervisor] Belt abgemeldet bei (11,10)
[GameSupervisor] Belt registriert bei (12,11) RIGHT
[GameSupervisor] Belt abgemeldet bei (12,11)
[GameSupervisor] Belt registriert bei (13,11) RIGHT
[GameSupervisor] Belt abgemeldet bei (13,11)
[GameSupervisor] Belt registriert bei (10,10) RIGHT
[GameSupervisor] Belt abgemeldet bei (10,10)
[GameSupervisor] Belt registriert bei (11,10) RIGHT
[GameSupervisor] Belt abgemeldet bei (11,10)
[GameSupervisor] Belt registriert bei (12,11) RIGHT
[GameSupervisor] Belt abgemeldet bei (12,11)
[GameSupervisor] Belt registriert bei (13,11) RIGHT
[GameSupervisor] Belt abgemeldet bei (13,11)
[GameSupervisor] Alle Threads gestoppt.
[GameSupervisor] Alle Threads gestartet. Maschinen: 6 Belts: 0 Robots: 0
[GameSupervisor] Belt registriert bei (10,10) RIGHT
[GameSupervisor] Belt abgemeldet bei (10,10)
[GameSupervisor] Belt registriert bei (11,10) RIGHT
[GameSupervisor] Belt abgemeldet bei (11,10)
[GameSupervisor] Belt registriert bei (12,11) RIGHT
[GameSupervisor] Belt abgemeldet bei (12,11)
[GameSupervisor] Belt registriert bei (13,11) RIGHT
[GameSupervisor] Belt abgemeldet bei (13,11)
[GameSupervisor] Belt registriert bei (10,10) RIGHT
[GameSupervisor] Belt abgemeldet bei (10,10)
[GameSupervisor] Belt registriert bei (11,10) RIGHT
[GameSupervisor] Belt abgemeldet bei (11,10)
[GameSupervisor] Belt registriert bei (12,11) RIGHT
[GameSupervisor] Belt abgemeldet bei (12,11)
[GameSupervisor] Belt registriert bei (13,11) RIGHT
[GameSupervisor] Belt abgemeldet bei (13,11)
[GameSupervisor] Belt registriert bei (10,10) RIGHT
[GameSupervisor] Belt abgemeldet bei (10,10)
[GameSupervisor] Belt registriert bei (11,10) RIGHT
[GameSupervisor] Belt abgemeldet bei (11,10)
[GameSupervisor] Belt registriert bei (12,11) RIGHT
[GameSupervisor] Belt abgemeldet bei (12,11)
[GameSupervisor] Belt registriert bei (13,11) RIGHT
[GameSupervisor] Belt abgemeldet bei (13,11)
[GameSupervisor] Belt registriert bei (10,10) RIGHT
[GameSupervisor] Belt abgemeldet bei (10,10)
[GameSupervisor] Belt registriert bei (11,10) RIGHT
[GameSupervisor] Belt abgemeldet bei (11,10)
[GameSupervisor] Belt registriert bei (12,11) RIGHT
[GameSupervisor] Belt abgemeldet bei (12,11)
[GameSupervisor] Belt registriert bei (13,11) RIGHT
[GameSupervisor] Belt abgemeldet bei (13,11)
[GameSupervisor] Belt registriert bei (10,10) RIGHT
[GameSupervisor] Belt abgemeldet bei (10,10)
[GameSupervisor] Belt registriert bei (11,10) RIGHT
[GameSupervisor] Belt abgemeldet bei (11,10)
[GameSupervisor] Belt registriert bei (12,11) RIGHT
[GameSupervisor] Belt abgemeldet bei (12,11)
[GameSupervisor] Belt registriert bei (13,11) RIGHT
[GameSupervisor] Belt abgemeldet bei (13,11)
[GameSupervisor] Alle Threads gestoppt.
[GameSupervisor] Alle Threads gestartet. Maschinen: 6 Belts: 0 Robots: 0
[GameSupervisor] Belt registriert bei (10,10) RIGHT
[GameSupervisor] Belt abgemeldet bei (10,10)
[GameSupervisor] Belt registriert bei (11,10) RIGHT
[GameSupervisor] Belt abgemeldet bei (11,10)
[GameSupervisor] Belt registriert bei (12,11) RIGHT
[GameSupervisor] Belt abgemeldet bei (12,11)
[GameSupervisor] Belt registriert bei (13,11) RIGHT
[GameSupervisor] Belt abgemeldet bei (13,11)
[GameSupervisor] Belt registriert bei (10,10) RIGHT
[GameSupervisor] Belt abgemeldet bei (10,10)
[GameSupervisor] Belt registriert bei (11,10) RIGHT
[GameSupervisor] Belt abgemeldet bei (11,10)
[GameSupervisor] Belt registriert bei (12,11) RIGHT
[GameSupervisor] Belt abgemeldet bei (12,11)
[GameSupervisor] Belt registriert bei (13,11) RIGHT
[GameSupervisor] Belt abgemeldet bei (13,11)
[GameSupervisor] Belt registriert bei (10,10) RIGHT
[GameSupervisor] Belt abgemeldet bei (10,10)
[GameSupervisor] Belt registriert bei (11,10) RIGHT
[GameSupervisor] Belt abgemeldet bei (11,10)
[GameSupervisor] Belt registriert bei (12,11) RIGHT
[GameSupervisor] Belt abgemeldet bei (12,11)
[GameSupervisor] Belt registriert bei (13,11) RIGHT
[GameSupervisor] Belt abgemeldet bei (13,11)
[GameSupervisor] Belt registriert bei (10,10) RIGHT
[GameSupervisor] Belt abgemeldet bei (10,10)
[GameSupervisor] Belt registriert bei (11,10) RIGHT
[GameSupervisor] Belt abgemeldet bei (11,10)
[GameSupervisor] Belt registriert bei (12,11) RIGHT
[GameSupervisor] Belt abgemeldet bei (12,11)
[GameSupervisor] Belt registriert bei (13,11) RIGHT
[GameSupervisor] Belt abgemeldet bei (13,11)
[GameSupervisor] Belt registriert bei (10,10) RIGHT
[GameSupervisor] Belt abgemeldet bei (10,10)
[GameSupervisor] Belt registriert bei (11,10) RIGHT
[GameSupervisor] Belt abgemeldet bei (11,10)
[GameSupervisor] Belt registriert bei (12,11) RIGHT
[GameSupervisor] Belt abgemeldet bei (12,11)
[GameSupervisor] Belt registriert bei (13,11) RIGHT
[GameSupervisor] Belt abgemeldet bei (13,11)
[GameSupervisor] Alle Threads gestoppt.
[GameSupervisor] Alle Threads gestartet. Maschinen: 6 Belts: 0 Robots: 0
[GameSupervisor] Belt registriert bei (10,10) RIGHT
[GameSupervisor] Belt abgemeldet bei (10,10)
[GameSupervisor] Belt registriert bei (11,10) RIGHT
[GameSupervisor] Belt abgemeldet bei (11,10)
[GameSupervisor] Belt registriert bei (12,11) RIGHT
[GameSupervisor] Belt abgemeldet bei (12,11)
[GameSupervisor] Belt registriert bei (13,11) RIGHT
[GameSupervisor] Belt abgemeldet bei (13,11)
[GameSupervisor] Belt registriert bei (10,10) RIGHT
[GameSupervisor] Belt abgemeldet bei (10,10)
[GameSupervisor] Belt registriert bei (11,10) RIGHT
[GameSupervisor] Belt abgemeldet bei (11,10)
[GameSupervisor] Belt registriert bei (12,11) RIGHT
[GameSupervisor] Belt abgemeldet bei (12,11)
[GameSupervisor] Belt registriert bei (13,11) RIGHT
[GameSupervisor] Belt abgemeldet bei (13,11)
[GameSupervisor] Belt registriert bei (10,10) RIGHT
[GameSupervisor] Belt abgemeldet bei (10,10)
[GameSupervisor] Belt registriert bei (11,10) RIGHT
[GameSupervisor] Belt abgemeldet bei (11,10)
[GameSupervisor] Belt registriert bei (12,11) RIGHT
[GameSupervisor] Belt abgemeldet bei (12,11)
[GameSupervisor] Belt registriert bei (13,11) RIGHT
[GameSupervisor] Belt abgemeldet bei (13,11)
[GameSupervisor] Belt registriert bei (10,10) RIGHT
[GameSupervisor] Belt abgemeldet bei (10,10)
[GameSupervisor] Belt registriert bei (11,10) RIGHT
[GameSupervisor] Belt abgemeldet bei (11,10)
[GameSupervisor] Belt registriert bei (12,11) RIGHT
[GameSupervisor] Belt abgemeldet bei (12,11)
[GameSupervisor] Belt registriert bei (13,11) RIGHT
[GameSupervisor] Belt abgemeldet bei (13,11)
[GameSupervisor] Belt registriert bei (10,10) RIGHT
[GameSupervisor] Belt abgemeldet bei (10,10)
[GameSupervisor] Belt registriert bei (11,10) RIGHT
[GameSupervisor] Belt abgemeldet bei (11,10)
[GameSupervisor] Belt registriert bei (12,11) RIGHT
[GameSupervisor] Belt abgemeldet bei (12,11)
[GameSupervisor] Belt registriert bei (13,11) RIGHT
[GameSupervisor] Belt abgemeldet bei (13,11)
[GameSupervisor] Alle Threads gestoppt.
[GameSupervisor] Alle Threads gestartet. Maschinen: 6 Belts: 0 Robots: 0
[GameSupervisor] Belt registriert bei (10,10) RIGHT
[GameSupervisor] Belt abgemeldet bei (10,10)
[GameSupervisor] Belt registriert bei (11,10) RIGHT
[GameSupervisor] Belt abgemeldet bei (11,10)
[GameSupervisor] Belt registriert bei (12,11) RIGHT
[GameSupervisor] Belt abgemeldet bei (12,11)
[GameSupervisor] Belt registriert bei (13,11) RIGHT
[GameSupervisor] Belt abgemeldet bei (13,11)
[GameSupervisor] Belt registriert bei (10,10) RIGHT
[GameSupervisor] Belt abgemeldet bei (10,10)
[GameSupervisor] Belt registriert bei (11,10) RIGHT
[GameSupervisor] Belt abgemeldet bei (11,10)
[GameSupervisor] Belt registriert bei (12,11) RIGHT
[GameSupervisor] Belt abgemeldet bei (12,11)
[GameSupervisor] Belt registriert bei (13,11) RIGHT
[GameSupervisor] Belt abgemeldet bei (13,11)
[GameSupervisor] Belt registriert bei (10,10) RIGHT
[GameSupervisor] Belt abgemeldet bei (10,10)
[GameSupervisor] Belt registriert bei (11,10) RIGHT
[GameSupervisor] Belt abgemeldet bei (11,10)
[GameSupervisor] Belt registriert bei (12,11) RIGHT
[GameSupervisor] Belt abgemeldet bei (12,11)
[GameSupervisor] Belt registriert bei (13,11) RIGHT
[GameSupervisor] Belt abgemeldet bei (13,11)
[GameSupervisor] Belt registriert bei (10,10) RIGHT
[GameSupervisor] Belt abgemeldet bei (10,10)
[GameSupervisor] Belt registriert bei (11,10) RIGHT
[GameSupervisor] Belt abgemeldet bei (11,10)
[GameSupervisor] Belt registriert bei (12,11) RIGHT
[GameSupervisor] Belt abgemeldet bei (12,11)
[GameSupervisor] Belt registriert bei (13,11) RIGHT
[GameSupervisor] Belt abgemeldet bei (13,11)
[GameSupervisor] Belt registriert bei (10,10) RIGHT
[GameSupervisor] Belt abgemeldet bei (10,10)
[GameSupervisor] Belt registriert bei (11,10) RIGHT
[GameSupervisor] Belt abgemeldet bei (11,10)
[GameSupervisor] Belt registriert bei (12,11) RIGHT
[GameSupervisor] Belt abgemeldet bei (12,11)
[GameSupervisor] Belt registriert bei (13,11) RIGHT
[GameSupervisor] Belt abgemeldet bei (13,11)
[GameSupervisor] Alle Threads gestoppt.
[GameSupervisor] Alle Threads gestartet. Maschinen: 6 Belts: 0 Robots: 0
[GameSupervisor] Belt registriert bei (10,10) RIGHT
[GameSupervisor] Belt abgemeldet bei (10,10)
[GameSupervisor] Belt registriert bei (11,10) RIGHT
[GameSupervisor] Belt abgemeldet bei (11,10)
[GameSupervisor] Belt registriert bei (12,11) RIGHT
[GameSupervisor] Belt abgemeldet bei (12,11)
[GameSupervisor] Belt registriert bei (13,11) RIGHT
[GameSupervisor] Belt abgemeldet bei (13,11)
[GameSupervisor] Belt registriert bei (10,10) RIGHT
[GameSupervisor] Belt abgemeldet bei (10,10)
[GameSupervisor] Belt registriert bei (11,10) RIGHT
[GameSupervisor] Belt abgemeldet bei (11,10)
[GameSupervisor] Belt registriert bei (12,11) RIGHT
[GameSupervisor] Belt abgemeldet bei (12,11)
[GameSupervisor] Belt registriert bei (13,11) RIGHT
[GameSupervisor] Belt abgemeldet bei (13,11)
[GameSupervisor] Belt registriert bei (10,10) RIGHT
[GameSupervisor] Belt abgemeldet bei (10,10)
[GameSupervisor] Belt registriert bei (11,10) RIGHT
[GameSupervisor] Belt abgemeldet bei (11,10)
[GameSupervisor] Belt registriert bei (12,11) RIGHT
[GameSupervisor] Belt abgemeldet bei (12,11)
[GameSupervisor] Belt registriert bei (13,11) RIGHT
[GameSupervisor] Belt abgemeldet bei (13,11)
[GameSupervisor] Belt registriert bei (10,10) RIGHT
[GameSupervisor] Belt abgemeldet bei (10,10)
[GameSupervisor] Belt registriert bei (11,10) RIGHT
[GameSupervisor] Belt abgemeldet bei (11,10)
[GameSupervisor] Belt registriert bei (12,11) RIGHT
[GameSupervisor] Belt abgemeldet bei (12,11)
[GameSupervisor] Belt registriert bei (13,11) RIGHT
[GameSupervisor] Belt abgemeldet bei (13,11)
[GameSupervisor] Belt registriert bei (10,10) RIGHT
[GameSupervisor] Belt abgemeldet bei (10,10)
[GameSupervisor] Belt registriert bei (11,10) RIGHT
[GameSupervisor] Belt abgemeldet bei (11,10)
[GameSupervisor] Belt registriert bei (12,11) RIGHT
[GameSupervisor] Belt abgemeldet bei (12,11)
[GameSupervisor] Belt registriert bei (13,11) RIGHT
[GameSupervisor] Belt abgemeldet bei (13,11)
[GameSupervisor] Alle Threads gestoppt.
[GameSupervisor] Alle Threads gestartet. Maschinen: 6 Belts: 0 Robots: 0
[GameSupervisor] Belt registriert bei (10,10) RIGHT
[GameSupervisor] Belt abgemeldet bei (10,10)
[GameSupervisor] Belt registriert bei (11,10) RIGHT
[GameSupervisor] Belt abgemeldet bei (11,10)
[GameSupervisor] Belt registriert bei (12,11) RIGHT
[GameSupervisor] Belt abgemeldet bei (12,11)
[GameSupervisor] Belt registriert bei (13,11) RIGHT
[GameSupervisor] Belt abgemeldet bei (13,11)
[GameSupervisor] Belt registriert bei (10,10) RIGHT
[GameSupervisor] Belt abgemeldet bei (10,10)
[GameSupervisor] Belt registriert bei (11,10) RIGHT
[GameSupervisor] Belt abgemeldet bei (11,10)
[GameSupervisor] Belt registriert bei (12,11) RIGHT
[GameSupervisor] Belt abgemeldet bei (12,11)
[GameSupervisor] Belt registriert bei (13,11) RIGHT
[GameSupervisor] Belt abgemeldet bei (13,11)
[GameSupervisor] Belt registriert bei (10,10) RIGHT
[GameSupervisor] Belt abgemeldet bei (10,10)
[GameSupervisor] Belt registriert bei (11,10) RIGHT
[GameSupervisor] Belt abgemeldet bei (11,10)
[GameSupervisor] Belt registriert bei (12,11) RIGHT
[GameSupervisor] Belt abgemeldet bei (12,11)
[GameSupervisor] Belt registriert bei (13,11) RIGHT
[GameSupervisor] Belt abgemeldet bei (13,11)
[GameSupervisor] Belt registriert bei (10,10) RIGHT
[GameSupervisor] Belt abgemeldet bei (10,10)
[GameSupervisor] Belt registriert bei (11,10) RIGHT
[GameSupervisor] Belt abgemeldet bei (11,10)
[GameSupervisor] Belt registriert bei (12,11) RIGHT
[GameSupervisor] Belt abgemeldet bei (12,11)
[GameSupervisor] Belt registriert bei (13,11) RIGHT
[GameSupervisor] Belt abgemeldet bei (13,11)
[GameSupervisor] Belt registriert bei (10,10) RIGHT
[GameSupervisor] Belt abgemeldet bei (10,10)
[GameSupervisor] Belt registriert bei (11,10) RIGHT
[GameSupervisor] Belt abgemeldet bei (11,10)
[GameSupervisor] Belt registriert bei (12,11) RIGHT
[GameSupervisor] Belt abgemeldet bei (12,11)
[GameSupervisor] Belt registriert bei (13,11) RIGHT
[GameSupervisor] Belt abgemeldet bei (13,11)
[GameSupervisor] Alle Threads gestoppt.
[GameSupervisor] Alle Threads gestartet. Maschinen: 6 Belts: 0 Robots: 0
[GameSupervisor] Belt registriert bei (10,10) RIGHT
[GameSupervisor] Belt abgemeldet bei (10,10)
[GameSupervisor] Belt registriert bei (11,10) RIGHT
[GameSupervisor] Belt abgemeldet bei (11,10)
[GameSupervisor] Belt registriert bei (12,11) RIGHT
[GameSupervisor] Belt abgemeldet bei (12,11)
[GameSupervisor] Belt registriert bei (13,11) RIGHT
[GameSupervisor] Belt abgemeldet bei (13,11)
[GameSupervisor] Belt registriert bei (10,10) RIGHT
[GameSupervisor] Belt abgemeldet bei (10,10)
[GameSupervisor] Belt registriert bei (11,10) RIGHT
[GameSupervisor] Belt abgemeldet bei (11,10)
[GameSupervisor] Belt registriert bei (12,11) RIGHT
[GameSupervisor] Belt abgemeldet bei (12,11)
[GameSupervisor] Belt registriert bei (13,11) RIGHT
[GameSupervisor] Belt abgemeldet bei (13,11)
[GameSupervisor] Belt registriert bei (10,10) RIGHT
[GameSupervisor] Belt abgemeldet bei (10,10)
[GameSupervisor] Belt registriert bei (11,10) RIGHT
[GameSupervisor] Belt abgemeldet bei (11,10)
[GameSupervisor] Belt registriert bei (12,11) RIGHT
[GameSupervisor] Belt abgemeldet bei (12,11)
[GameSupervisor] Belt registriert bei (13,11) RIGHT
[GameSupervisor] Belt abgemeldet bei (13,11)
[GameSupervisor] Belt registriert bei (10,10) RIGHT
[GameSupervisor] Belt abgemeldet bei (10,10)
[GameSupervisor] Belt registriert bei (11,10) RIGHT
[GameSupervisor] Belt abgemeldet bei (11,10)
[GameSupervisor] Belt registriert bei (12,11) RIGHT
[GameSupervisor] Belt abgemeldet bei (12,11)
[GameSupervisor] Belt registriert bei (13,11) RIGHT
[GameSupervisor] Belt abgemeldet bei (13,11)
[GameSupervisor] Belt registriert bei (10,10) RIGHT
[GameSupervisor] Belt abgemeldet bei (10,10)
[GameSupervisor] Belt registriert bei (11,10) RIGHT
[GameSupervisor] Belt abgemeldet bei (11,10)
[GameSupervisor] Belt registriert bei (12,11) RIGHT
[GameSupervisor] Belt abgemeldet bei (12,11)
[GameSupervisor] Belt registriert bei (13,11) RIGHT
[GameSupervisor] Belt abgemeldet bei (13,11)
[GameSupervisor] Alle Threads gestoppt.
[GameSupervisor] Alle Threads gestartet. Maschinen: 6 Belts: 0 Robots: 0
[GameSupervisor] Belt registriert bei (10,10) RIGHT
[GameSupervisor] Belt abgemeldet bei (10,10)
[GameSupervisor] Belt registriert bei (11,10) RIGHT
[GameSupervisor] Belt abgemeldet bei (11,10)
[GameSupervisor] Belt registriert bei (12,11) RIGHT
[GameSupervisor] Belt abgemeldet bei (12,11)
[GameSupervisor] Belt registriert bei (13,11) RIGHT
[GameSupervisor] Belt abgemeldet bei (13,11)
[GameSupervisor] Belt registriert bei (10,10) RIGHT
[GameSupervisor] Belt abgemeldet bei (10,10)
[GameSupervisor] Belt registriert bei (11,10) RIGHT
[GameSupervisor] Belt abgemeldet bei (11,10)
[GameSupervisor] Belt registriert bei (12,11) RIGHT
[GameSupervisor] Belt abgemeldet bei (12,11)
[GameSupervisor] Belt registriert bei (13,11) RIGHT
[GameSupervisor] Belt abgemeldet bei (13,11)
[GameSupervisor] Belt registriert bei (10,10) RIGHT
[GameSupervisor] Belt abgemeldet bei (10,10)
[GameSupervisor] Belt registriert bei (11,10) RIGHT
[GameSupervisor] Belt abgemeldet bei (11,10)
[GameSupervisor] Belt registriert bei (12,11) RIGHT
[GameSupervisor] Belt abgemeldet bei (12,11)
[GameSupervisor] Belt registriert bei (13,11) RIGHT
[GameSupervisor] Belt abgemeldet bei (13,11)
[GameSupervisor] Belt registriert bei (10,10) RIGHT
[GameSupervisor] Belt abgemeldet bei (10,10)
[GameSupervisor] Belt registriert bei (11,10) RIGHT
[GameSupervisor] Belt abgemeldet bei (11,10)
[GameSupervisor] Belt registriert bei (12,11) RIGHT
[GameSupervisor] Belt abgemeldet bei (12,11)
[GameSupervisor] Belt registriert bei (13,11) RIGHT
[GameSupervisor] Belt abgemeldet bei (13,11)
[GameSupervisor] Belt registriert bei (10,10) RIGHT
[GameSupervisor] Belt abgemeldet bei (10,10)
[GameSupervisor] Belt registriert bei (11,10) RIGHT
[GameSupervisor] Belt abgemeldet bei (11,10)
[GameSupervisor] Belt registriert bei (12,11) RIGHT
[GameSupervisor] Belt abgemeldet bei (12,11)
[GameSupervisor] Belt registriert bei (13,11) RIGHT
[GameSupervisor] Belt abgemeldet bei (13,11)
[GameSupervisor] Alle Threads gestoppt.
=== Reliability Baseline ===
Sessions=10
Successes=10
Failures=0
SSR=100.00%
MTBF=INF (no failures observed)
]]></system-out>
  </testcase>
  <testcase name="loadTestParallelProductionSessions" classname="game.integration.MachineStressAndReliabilityTest" time="1.433">
    <system-out><![CDATA[[GameSupervisor] Alle Threads gestartet. Maschinen: 6 Belts: 0 Robots: 0
[GameSupervisor] Belt registriert bei (10,10) RIGHT
[GameSupervisor] Alle Threads gestartet. Maschinen: 6 Belts: 0 Robots: 0
[GameSupervisor] Belt registriert bei (10,10) RIGHT
[GameSupervisor] Alle Threads gestartet. Maschinen: 6 Belts: 0 Robots: 0
[GameSupervisor] Belt registriert bei (10,10) RIGHT
[GameSupervisor] Belt abgemeldet bei (10,10)
[GameSupervisor] Belt abgemeldet bei (10,10)
[GameSupervisor] Belt registriert bei (11,10) RIGHT
[GameSupervisor] Belt registriert bei (11,10) RIGHT
[GameSupervisor] Belt abgemeldet bei (10,10)
[GameSupervisor] Belt registriert bei (11,10) RIGHT
[GameSupervisor] Belt abgemeldet bei (11,10)
[GameSupervisor] Belt abgemeldet bei (11,10)
[GameSupervisor] Belt registriert bei (12,11) RIGHT
[GameSupervisor] Belt registriert bei (12,11) RIGHT
[GameSupervisor] Belt abgemeldet bei (11,10)
[GameSupervisor] Belt registriert bei (12,11) RIGHT
[GameSupervisor] Belt abgemeldet bei (12,11)
[GameSupervisor] Belt abgemeldet bei (12,11)
[GameSupervisor] Belt registriert bei (13,11) RIGHT
[GameSupervisor] Belt registriert bei (13,11) RIGHT
[GameSupervisor] Belt abgemeldet bei (12,11)
[GameSupervisor] Belt registriert bei (13,11) RIGHT
[GameSupervisor] Belt abgemeldet bei (13,11)
[GameSupervisor] Belt abgemeldet bei (13,11)
[GameSupervisor] Belt abgemeldet bei (13,11)
[GameSupervisor] Belt registriert bei (10,10) RIGHT
[GameSupervisor] Belt registriert bei (10,10) RIGHT
[GameSupervisor] Belt registriert bei (10,10) RIGHT
[GameSupervisor] Belt abgemeldet bei (10,10)
[GameSupervisor] Belt abgemeldet bei (10,10)
[GameSupervisor] Belt abgemeldet bei (10,10)
[GameSupervisor] Belt registriert bei (11,10) RIGHT
[GameSupervisor] Belt registriert bei (11,10) RIGHT
[GameSupervisor] Belt registriert bei (11,10) RIGHT
[GameSupervisor] Belt abgemeldet bei (11,10)
[GameSupervisor] Belt abgemeldet bei (11,10)
[GameSupervisor] Belt registriert bei (12,11) RIGHT
[GameSupervisor] Belt registriert bei (12,11) RIGHT
[GameSupervisor] Belt abgemeldet bei (11,10)
[GameSupervisor] Belt registriert bei (12,11) RIGHT
[GameSupervisor] Belt abgemeldet bei (12,11)
[GameSupervisor] Belt abgemeldet bei (12,11)
[GameSupervisor] Belt abgemeldet bei (12,11)
[GameSupervisor] Belt registriert bei (13,11) RIGHT
[GameSupervisor] Belt registriert bei (13,11) RIGHT
[GameSupervisor] Belt registriert bei (13,11) RIGHT
[GameSupervisor] Belt abgemeldet bei (13,11)
[GameSupervisor] Belt abgemeldet bei (13,11)
[GameSupervisor] Belt abgemeldet bei (13,11)
[GameSupervisor] Belt registriert bei (10,10) RIGHT
[GameSupervisor] Belt registriert bei (10,10) RIGHT
[GameSupervisor] Belt registriert bei (10,10) RIGHT
[GameSupervisor] Belt abgemeldet bei (10,10)
[GameSupervisor] Belt abgemeldet bei (10,10)
[GameSupervisor] Belt registriert bei (11,10) RIGHT
[GameSupervisor] Belt registriert bei (11,10) RIGHT
[GameSupervisor] Belt abgemeldet bei (10,10)
[GameSupervisor] Belt registriert bei (11,10) RIGHT
[GameSupervisor] Belt abgemeldet bei (11,10)
[GameSupervisor] Belt abgemeldet bei (11,10)
[GameSupervisor] Belt registriert bei (12,11) RIGHT
[GameSupervisor] Belt abgemeldet bei (11,10)
[GameSupervisor] Belt registriert bei (12,11) RIGHT
[GameSupervisor] Belt registriert bei (12,11) RIGHT
[GameSupervisor] Belt abgemeldet bei (12,11)
[GameSupervisor] Belt abgemeldet bei (12,11)
[GameSupervisor] Belt abgemeldet bei (12,11)
[GameSupervisor] Belt registriert bei (13,11) RIGHT
[GameSupervisor] Belt registriert bei (13,11) RIGHT
[GameSupervisor] Belt registriert bei (13,11) RIGHT
[GameSupervisor] Belt abgemeldet bei (13,11)
[GameSupervisor] Belt abgemeldet bei (13,11)
[GameSupervisor] Belt registriert bei (10,10) RIGHT
[GameSupervisor] Belt registriert bei (10,10) RIGHT
[GameSupervisor] Belt abgemeldet bei (13,11)
[GameSupervisor] Belt registriert bei (10,10) RIGHT
[GameSupervisor] Belt abgemeldet bei (10,10)
[GameSupervisor] Belt abgemeldet bei (10,10)
[GameSupervisor] Belt registriert bei (11,10) RIGHT
[GameSupervisor] Belt abgemeldet bei (10,10)
[GameSupervisor] Belt registriert bei (11,10) RIGHT
[GameSupervisor] Belt registriert bei (11,10) RIGHT
[GameSupervisor] Belt abgemeldet bei (11,10)
[GameSupervisor] Belt registriert bei (12,11) RIGHT
[GameSupervisor] Belt abgemeldet bei (11,10)
[GameSupervisor] Belt registriert bei (12,11) RIGHT
[GameSupervisor] Belt abgemeldet bei (11,10)
[GameSupervisor] Belt registriert bei (12,11) RIGHT
[GameSupervisor] Belt abgemeldet bei (12,11)
[GameSupervisor] Belt registriert bei (13,11) RIGHT
[GameSupervisor] Belt abgemeldet bei (12,11)
[GameSupervisor] Belt registriert bei (13,11) RIGHT
[GameSupervisor] Belt abgemeldet bei (12,11)
[GameSupervisor] Belt registriert bei (13,11) RIGHT
[GameSupervisor] Belt abgemeldet bei (13,11)
[GameSupervisor] Belt registriert bei (10,10) RIGHT
[GameSupervisor] Belt abgemeldet bei (13,11)
[GameSupervisor] Belt registriert bei (10,10) RIGHT
[GameSupervisor] Belt abgemeldet bei (13,11)
[GameSupervisor] Belt registriert bei (10,10) RIGHT
[GameSupervisor] Belt abgemeldet bei (10,10)
[GameSupervisor] Belt registriert bei (11,10) RIGHT
[GameSupervisor] Belt abgemeldet bei (10,10)
[GameSupervisor] Belt abgemeldet bei (10,10)
[GameSupervisor] Belt registriert bei (11,10) RIGHT
[GameSupervisor] Belt registriert bei (11,10) RIGHT
[GameSupervisor] Belt abgemeldet bei (11,10)
[GameSupervisor] Belt registriert bei (12,11) RIGHT
[GameSupervisor] Belt abgemeldet bei (11,10)
[GameSupervisor] Belt abgemeldet bei (11,10)
[GameSupervisor] Belt registriert bei (12,11) RIGHT
[GameSupervisor] Belt registriert bei (12,11) RIGHT
[GameSupervisor] Belt abgemeldet bei (12,11)
[GameSupervisor] Belt registriert bei (13,11) RIGHT
[GameSupervisor] Belt abgemeldet bei (12,11)
[GameSupervisor] Belt abgemeldet bei (12,11)
[GameSupervisor] Belt registriert bei (13,11) RIGHT
[GameSupervisor] Belt registriert bei (13,11) RIGHT
[GameSupervisor] Belt abgemeldet bei (13,11)
[GameSupervisor] Belt registriert bei (10,10) RIGHT
[GameSupervisor] Belt abgemeldet bei (13,11)
[GameSupervisor] Belt abgemeldet bei (13,11)
[GameSupervisor] Belt registriert bei (10,10) RIGHT
[GameSupervisor] Belt registriert bei (10,10) RIGHT
[GameSupervisor] Belt abgemeldet bei (10,10)
[GameSupervisor] Belt registriert bei (11,10) RIGHT
[GameSupervisor] Belt abgemeldet bei (10,10)
[GameSupervisor] Belt abgemeldet bei (10,10)
[GameSupervisor] Belt registriert bei (11,10) RIGHT
[GameSupervisor] Belt registriert bei (11,10) RIGHT
[GameSupervisor] Belt abgemeldet bei (11,10)
[GameSupervisor] Belt registriert bei (12,11) RIGHT
[GameSupervisor] Belt abgemeldet bei (11,10)
[GameSupervisor] Belt abgemeldet bei (11,10)
[GameSupervisor] Belt registriert bei (12,11) RIGHT
[GameSupervisor] Belt registriert bei (12,11) RIGHT
[GameSupervisor] Belt abgemeldet bei (12,11)
[GameSupervisor] Alle Threads gestoppt.
[GameSupervisor] Belt abgemeldet bei (12,11)
[GameSupervisor] Belt abgemeldet bei (12,11)
[GameSupervisor] Alle Threads gestoppt.
[GameSupervisor] Alle Threads gestoppt.
]]></system-out>
  </testcase>
</testsuite>